{"type":"server-started","port":50250,"host":"127.0.0.1","url_host":"localhost","url":"http://localhost:50250","screen_dir":"/Users/sayanthns/Documents/RMAX/RMAX-Custom/.superpowers/brainstorm/14091-1776327580/content","state_dir":"/Users/sayanthns/Documents/RMAX/RMAX-Custom/.superpowers/brainstorm/14091-1776327580/state"}
{"type":"screen-added","file":"/Users/sayanthns/Documents/RMAX/RMAX-Custom/.superpowers/brainstorm/14091-1776327580/content/screens-overview.html"}
{"type":"screen-updated","file":"/Users/sayanthns/Documents/RMAX/RMAX-Custom/.superpowers/brainstorm/14091-1776327580/content/screens-overview.html"}
{"type":"screen-updated","file":"/Users/sayanthns/Documents/RMAX/RMAX-Custom/.superpowers/brainstorm/14091-1776327580/content/screens-overview.html"}
{"type":"screen-updated","file":"/Users/sayanthns/Documents/RMAX/RMAX-Custom/.superpowers/brainstorm/14091-1776327580/content/screens-overview.html"}
{"source":"user-event","type":"click","text":"+\n    \n      I need additional screens\n      E.g., Damage Slip viewer, settings page, history/completed list, notifications","choice":"need-more","id":null,"timestamp":1776328903346}
{"type":"screen-added","file":"/Users/sayanthns/Documents/RMAX/RMAX-Custom/.superpowers/brainstorm/14091-1776327580/content/ui-direction.html"}
{"type":"screen-updated","file":"/Users/sayanthns/Documents/RMAX/RMAX-Custom/.superpowers/brainstorm/14091-1776327580/content/ui-direction.html"}
{"type":"screen-updated","file":"/Users/sayanthns/Documents/RMAX/RMAX-Custom/.superpowers/brainstorm/14091-1776327580/content/ui-direction.html"}
{"type":"screen-updated","file":"/Users/sayanthns/Documents/RMAX/RMAX-Custom/.superpowers/brainstorm/14091-1776327580/content/ui-direction.html"}
{"type":"screen-added","file":"/Users/sayanthns/Documents/RMAX/RMAX-Custom/.superpowers/brainstorm/14091-1776327580/content/mockup-screens.html"}
{"type":"screen-updated","file":"/Users/sayanthns/Documents/RMAX/RMAX-Custom/.superpowers/brainstorm/14091-1776327580/content/mockup-screens.html"}
{"type":"screen-updated","file":"/Users/sayanthns/Documents/RMAX/RMAX-Custom/.superpowers/brainstorm/14091-1776327580/content/mockup-screens.html"}
{"type":"screen-updated","file":"/Users/sayanthns/Documents/RMAX/RMAX-Custom/.superpowers/brainstorm/14091-1776327580/content/mockup-screens.html"}
{"source":"user-event","type":"click","text":"✓\n      \n        Looks good — proceed with this direction\n        Industrial dark, monospace, amber accents. Numpad PIN, card-based dashboard, chip-select categories, camera/gallery photo slots.","choice":"approve-screens","id":null,"timestamp":1776329961882}
{"type":"screen-added","file":"/Users/sayanthns/Documents/RMAX/RMAX-Custom/.superpowers/brainstorm/14091-1776327580/content/waiting.html"}
{"type":"screen-updated","file":"/Users/sayanthns/Documents/RMAX/RMAX-Custom/.superpowers/brainstorm/14091-1776327580/content/waiting.html"}
{"type":"screen-updated","file":"/Users/sayanthns/Documents/RMAX/RMAX-Custom/.superpowers/brainstorm/14091-1776327580/content/waiting.html"}
{"type":"screen-updated","file":"/Users/sayanthns/Documents/RMAX/RMAX-Custom/.superpowers/brainstorm/14091-1776327580/content/waiting.html"}
{"type":"server-stopped","reason":"idle timeout"}
